<?xml version="1.0" encoding="UTF-8"?>
<!-- Generated by org.testng.reporters.JUnitXMLReporter -->
<testsuite ignored="1" hostname="Musharraf-Home-PC" failures="0" tests="1" name="Default test" time="0.059" errors="0" timestamp="2021-06-01T15:01:01 EDT">
  <testcase classname="qaclickacademy.SeleniumTest" name="BrowserAutomation" time="0.012"/>
  <testcase classname="qaclickacademy.SeleniumTest" name="ElementURL" time="0.0">
    <ignored/>
  </testcase> <!-- ElementURL -->
</testsuite> <!-- Default test -->
