<?xml version="1.0" encoding="UTF-8"?>
<!-- Generated by org.testng.reporters.JUnitXMLReporter -->
<testsuite ignored="0" hostname="Musharraf-Home-PC" failures="0" tests="6" name="Test" time="0.06" errors="0" timestamp="2021-06-06T23:17:32 EDT">
  <testcase classname="qaclickacademy.AppiumTest" name="IOSApps" time="0.006"/>
  <testcase classname="qaclickacademy.AppiumTest" name="NativeApps" time="0.0"/>
  <testcase classname="qaclickacademy.SeleniumTest" name="BrowserAutomation" time="0.0"/>
  <testcase classname="qaclickacademy.SeleniumTest" name="ElementURL" time="0.0"/>
  <testcase classname="qaclickacademy.RestAPITest" name="DeleteTwitter" time="0.0"/>
  <testcase classname="qaclickacademy.RestAPITest" name="PostJira" time="0.001"/>
</testsuite> <!-- Test -->
