<?xml version="1.0" encoding="UTF-8"?>
<testsuite xmlns:xsi="http://www.w3.org/2001/XMLSchema-instance" xsi:noNamespaceSchemaLocation="https://maven.apache.org/surefire/maven-surefire-plugin/xsd/surefire-test-report.xsd" name="TestSuite" time="1.177" tests="6" errors="0" skipped="0" failures="0">
  <properties>
[...]
</properties>
  <testcase name="IOSApps" classname="qaclickacademy.AppiumTest" time="0.008"/>
  <testcase name="NativeApps" classname="qaclickacademy.AppiumTest" time="0.001"/>
  <testcase name="BrowserAutomation" classname="qaclickacademy.SeleniumTest" time="0.003"/>
  <testcase name="ElementURL" classname="qaclickacademy.SeleniumTest" time="0.002"/>
  <testcase name="DeleteTwitter" classname="qaclickacademy.RestAPITest" time="0.001"/>
  <testcase name="PostJira" classname="qaclickacademy.RestAPITest" time="0.002"/>
</testsuite>