<?xml version="1.0" encoding="UTF-8"?>
<testng-results ignored="0" total="6" passed="6" failed="0" skipped="0">
  <reporter-output>
  </reporter-output>
  <suite started-at="2021-06-06T23:17:32 EDT" name="Suite" finished-at="2021-06-06T23:17:32 EDT" duration-ms="60">
    <groups>
    </groups>
    <test started-at="2021-06-06T23:17:32 EDT" name="Test" finished-at="2021-06-06T23:17:32 EDT" duration-ms="60">
      <class name="qaclickacademy.AppiumTest">
        <test-method signature="IOSApps()[pri:0, instance:qaclickacademy.AppiumTest@7ee8290b]" started-at="2021-06-06T23:17:32 EDT" name="IOSApps" finished-at="2021-06-06T23:17:32 EDT" duration-ms="6" status="PASS">
          <reporter-output>
          </reporter-output>
        </test-method> <!-- IOSApps -->
        <test-method signature="NativeApps()[pri:0, instance:qaclickacademy.AppiumTest@7ee8290b]" started-at="2021-06-06T23:17:32 EDT" name="NativeApps" finished-at="2021-06-06T23:17:32 EDT" duration-ms="0" status="PASS">
          <reporter-output>
          </reporter-output>
        </test-method> <!-- NativeApps -->
      </class> <!-- qaclickacademy.AppiumTest -->
      <class name="qaclickacademy.RestAPITest">
        <test-method signature="DeleteTwitter()[pri:0, instance:qaclickacademy.RestAPITest@1e178745]" started-at="2021-06-06T23:17:32 EDT" name="DeleteTwitter" finished-at="2021-06-06T23:17:32 EDT" duration-ms="0" status="PASS">
          <reporter-output>
          </reporter-output>
        </test-method> <!-- DeleteTwitter -->
        <test-method signature="PostJira()[pri:0, instance:qaclickacademy.RestAPITest@1e178745]" started-at="2021-06-06T23:17:32 EDT" name="PostJira" finished-at="2021-06-06T23:17:32 EDT" duration-ms="1" status="PASS">
          <reporter-output>
          </reporter-output>
        </test-method> <!-- PostJira -->
      </class> <!-- qaclickacademy.RestAPITest -->
      <class name="qaclickacademy.SeleniumTest">
        <test-method signature="BrowserAutomation()[pri:0, instance:qaclickacademy.SeleniumTest@1f59a598]" started-at="2021-06-06T23:17:32 EDT" name="BrowserAutomation" finished-at="2021-06-06T23:17:32 EDT" duration-ms="0" status="PASS">
          <reporter-output>
          </reporter-output>
        </test-method> <!-- BrowserAutomation -->
        <test-method signature="ElementURL()[pri:0, instance:qaclickacademy.SeleniumTest@1f59a598]" started-at="2021-06-06T23:17:32 EDT" name="ElementURL" finished-at="2021-06-06T23:17:32 EDT" duration-ms="0" status="PASS">
          <reporter-output>
          </reporter-output>
        </test-method> <!-- ElementURL -->
      </class> <!-- qaclickacademy.SeleniumTest -->
    </test> <!-- Test -->
  </suite> <!-- Suite -->
</testng-results>
